TN:
SF:src/url.ts
FN:8,emptyUrl
FN:27,parse
FN:1,emptyUrl
FN:8,emptyUrl
FN:27,parse
FNF:5
FNH:5
FNDA:5,emptyUrl
FNDA:5,parse
FNDA:5,emptyUrl
FNDA:5,emptyUrl
FNDA:5,parse
DA:1,6
DA:2,2
DA:3,2
DA:4,2
DA:5,2
DA:6,2
DA:7,2
DA:8,6
DA:9,10
DA:10,10
DA:11,10
DA:12,10
DA:13,10
DA:14,10
DA:15,10
DA:16,10
DA:17,10
DA:18,10
DA:19,10
DA:20,10
DA:21,10
DA:22,6
DA:23,6
DA:24,2
DA:25,2
DA:26,2
DA:27,6
DA:28,10
DA:29,10
DA:30,10
DA:31,10
DA:32,10
DA:33,10
DA:34,4
DA:35,4
DA:36,4
DA:37,8
DA:38,6
DA:39,6
DA:40,6
DA:41,6
DA:42,6
DA:43,6
DA:44,6
DA:45,6
DA:46,6
DA:47,6
DA:48,8
DA:49,10
DA:50,10
DA:51,10
DA:52,10
DA:53,10
DA:54,10
DA:55,10
DA:56,6
LF:56
LH:56
BRDA:8,0,0,5
BRDA:27,1,0,5
BRDA:33,2,0,2
BRDA:37,3,0,3
BRDA:40,4,0,0
BRDA:41,5,0,0
BRDA:1,6,0,5
BRDA:8,7,0,5
BRDA:27,8,0,5
BRDA:33,9,0,2
BRDA:36,10,0,3
BRDA:40,11,0,0
BRDA:41,12,0,0
BRF:13
BRH:9
end_of_record
TN:
SF:src/classes/query-string.class.ts
FN:6,QueryString
FN:7,Object.<anonymous>.QueryString.parseDeep
FN:12,Object.<anonymous>.QueryString.stringifyDeep
FN:17,Object.<anonymous>.QueryString.parse
FN:32,Object.<anonymous>.QueryString.stringify
FN:46,Object.<anonymous>.QueryString.deepen
FN:63,Object.<anonymous>.QueryString.flatten
FN:78,assertAllowedPropertyName
FN:1,QueryString
FN:7,parseDeep
FN:12,stringifyDeep
FN:17,parse
FN:32,stringify
FN:46,deepen
FN:63,flatten
FN:78,assertAllowedPropertyName
FNF:16
FNH:9
FNDA:0,QueryString
FNDA:4,Object.<anonymous>.QueryString.parseDeep
FNDA:0,Object.<anonymous>.QueryString.stringifyDeep
FNDA:4,Object.<anonymous>.QueryString.parse
FNDA:0,Object.<anonymous>.QueryString.stringify
FNDA:4,Object.<anonymous>.QueryString.deepen
FNDA:0,Object.<anonymous>.QueryString.flatten
FNDA:5,assertAllowedPropertyName
FNDA:4,QueryString
FNDA:4,parseDeep
FNDA:0,stringifyDeep
FNDA:4,parse
FNDA:0,stringify
FNDA:4,deepen
FNDA:0,flatten
FNDA:5,assertAllowedPropertyName
DA:1,5
DA:2,2
DA:3,2
DA:4,2
DA:5,2
DA:6,1
DA:7,1
DA:8,8
DA:9,8
DA:10,5
DA:11,1
DA:12,1
DA:13,0
DA:14,0
DA:15,1
DA:16,1
DA:17,1
DA:18,8
DA:19,8
DA:20,8
DA:21,10
DA:22,10
DA:23,10
DA:24,10
DA:25,9
DA:26,4
DA:27,4
DA:28,9
DA:29,8
DA:30,5
DA:31,1
DA:32,1
DA:33,0
DA:34,0
DA:35,0
DA:36,0
DA:37,0
DA:38,0
DA:39,0
DA:40,0
DA:41,0
DA:42,0
DA:43,0
DA:44,1
DA:45,1
DA:46,1
DA:47,8
DA:48,8
DA:49,8
DA:50,8
DA:51,10
DA:52,10
DA:53,10
DA:54,10
DA:55,10
DA:56,10
DA:57,8
DA:58,8
DA:59,7
DA:60,4
DA:61,3
DA:62,1
DA:63,1
DA:64,0
DA:65,0
DA:66,0
DA:67,0
DA:68,0
DA:69,0
DA:70,0
DA:71,0
DA:72,0
DA:73,0
DA:74,0
DA:75,1
DA:76,1
DA:77,2
DA:78,10
DA:79,10
DA:80,10
DA:81,6
LF:81
LH:57
BRDA:6,0,0,1
BRDA:7,1,0,4
BRDA:17,2,0,4
BRDA:19,3,0,1
BRDA:19,4,0,3
BRDA:20,5,0,5
BRDA:24,6,0,0
BRDA:25,7,0,0
BRDA:46,8,0,4
BRDA:50,9,0,5
BRDA:56,10,0,2
BRDA:60,11,0,2
BRDA:78,12,0,5
BRDA:80,13,0,4
BRDA:1,14,0,4
BRDA:7,15,0,4
BRDA:17,16,0,4
BRDA:19,17,0,1
BRDA:19,18,0,3
BRDA:20,19,0,5
BRDA:24,20,0,0
BRDA:24,21,0,0
BRDA:46,22,0,4
BRDA:50,23,0,5
BRDA:56,24,0,2
BRDA:56,25,0,3
BRDA:58,26,0,2
BRDA:78,27,0,5
BRF:28
BRH:24
end_of_record
